<?xml version="1.0" encoding="utf-8"?><testsuite errors="0" failures="0" name="pytest" skips="0" tests="7" time="0.283"><testcase classname="pytests.test_index" file="pytests/test_index.py" line="8" name="test_italy" time="0.0006725788116455078"></testcase><testcase classname="pytests.test_index" file="pytests/test_index.py" line="11" name="test_mexico" time="0.0004885196685791016"></testcase><testcase classname="pytests.test_index" file="pytests/test_index.py" line="14" name="test_kindof_neighbors" time="0.0004718303680419922"></testcase><testcase classname="pytests.test_index" file="pytests/test_index.py" line="17" name="test_malta_presence" time="0.0005691051483154297"></testcase><testcase classname="pytests.test_index" file="pytests/test_index.py" line="20" name="test_new_mexico_presence" time="0.0004553794860839844"></testcase><testcase classname="pytests.test_index" file="pytests/test_index.py" line="23" name="test_unique_countries" time="0.0005085468292236328"></testcase><testcase classname="pytests.test_index" file="pytests/test_index.py" line="26" name="test_num_repeats" time="0.00044465065002441406"></testcase></testsuite>